ARM GAS  C:\Users\ANJUSI~1\AppData\Local\Temp\ccozmKWI.s 			page 1


   1              		.syntax unified
   2              		.cpu cortex-m3
   3              		.fpu softvfp
   4              		.eabi_attribute 20, 1
   5              		.eabi_attribute 21, 1
   6              		.eabi_attribute 23, 3
   7              		.eabi_attribute 24, 1
   8              		.eabi_attribute 25, 1
   9              		.eabi_attribute 26, 1
  10              		.eabi_attribute 30, 1
  11              		.eabi_attribute 34, 1
  12              		.eabi_attribute 18, 4
  13              		.thumb
  14              		.file	"cymetadata.c"
  15              		.text
  16              	.Ltext0:
  17              		.cfi_sections	.debug_frame
  18              		.global	cy_metadata
  19              		.global	cy_meta_flashprotect
  20              		.global	cy_meta_wonvl
  21              		.global	cy_meta_custnvl
  22              		.global	cy_meta_configecc
  23              		.section	.cyconfigecc,"a",%progbits
  24              		.align	2
  25              		.type	cy_meta_configecc, %object
  26              		.size	cy_meta_configecc, 580
  27              	cy_meta_configecc:
  28 0000 01       		.byte	1
  29 0001 45       		.byte	69
  30 0002 00       		.byte	0
  31 0003 40       		.byte	64
  32 0004 08       		.byte	8
  33 0005 4F       		.byte	79
  34 0006 00       		.byte	0
  35 0007 40       		.byte	64
  36 0008 01       		.byte	1
  37 0009 52       		.byte	82
  38 000a 00       		.byte	0
  39 000b 40       		.byte	64
  40 000c 02       		.byte	2
  41 000d 64       		.byte	100
  42 000e 00       		.byte	0
  43 000f 40       		.byte	64
  44 0010 01       		.byte	1
  45 0011 03       		.byte	3
  46 0012 01       		.byte	1
  47 0013 40       		.byte	64
  48 0014 01       		.byte	1
  49 0015 05       		.byte	5
  50 0016 01       		.byte	1
  51 0017 40       		.byte	64
  52 0018 01       		.byte	1
  53 0019 07       		.byte	7
  54 001a 01       		.byte	1
  55 001b 40       		.byte	64
  56 001c 01       		.byte	1
  57 001d 09       		.byte	9
ARM GAS  C:\Users\ANJUSI~1\AppData\Local\Temp\ccozmKWI.s 			page 2


  58 001e 01       		.byte	1
  59 001f 40       		.byte	64
  60 0020 33       		.byte	51
  61 0021 0A       		.byte	10
  62 0022 01       		.byte	1
  63 0023 40       		.byte	64
  64 0024 17       		.byte	23
  65 0025 0B       		.byte	11
  66 0026 01       		.byte	1
  67 0027 40       		.byte	64
  68 0028 04       		.byte	4
  69 0029 0C       		.byte	12
  70 002a 01       		.byte	1
  71 002b 40       		.byte	64
  72 002c 03       		.byte	3
  73 002d 0D       		.byte	13
  74 002e 01       		.byte	1
  75 002f 40       		.byte	64
  76 0030 33       		.byte	51
  77 0031 0E       		.byte	14
  78 0032 01       		.byte	1
  79 0033 40       		.byte	64
  80 0034 15       		.byte	21
  81 0035 0F       		.byte	15
  82 0036 01       		.byte	1
  83 0037 40       		.byte	64
  84 0038 02       		.byte	2
  85 0039 17       		.byte	23
  86 003a 01       		.byte	1
  87 003b 40       		.byte	64
  88 003c 02       		.byte	2
  89 003d 19       		.byte	25
  90 003e 01       		.byte	1
  91 003f 40       		.byte	64
  92 0040 06       		.byte	6
  93 0041 40       		.byte	64
  94 0042 01       		.byte	1
  95 0043 40       		.byte	64
  96 0044 0B       		.byte	11
  97 0045 41       		.byte	65
  98 0046 01       		.byte	1
  99 0047 40       		.byte	64
 100 0048 15       		.byte	21
 101 0049 42       		.byte	66
 102 004a 01       		.byte	1
 103 004b 40       		.byte	64
 104 004c 07       		.byte	7
 105 004d 43       		.byte	67
 106 004e 01       		.byte	1
 107 004f 40       		.byte	64
 108 0050 04       		.byte	4
 109 0051 47       		.byte	71
 110 0052 01       		.byte	1
 111 0053 40       		.byte	64
 112 0054 04       		.byte	4
 113 0055 48       		.byte	72
 114 0056 01       		.byte	1
ARM GAS  C:\Users\ANJUSI~1\AppData\Local\Temp\ccozmKWI.s 			page 3


 115 0057 40       		.byte	64
 116 0058 02       		.byte	2
 117 0059 4C       		.byte	76
 118 005a 01       		.byte	1
 119 005b 40       		.byte	64
 120 005c 03       		.byte	3
 121 005d 50       		.byte	80
 122 005e 01       		.byte	1
 123 005f 40       		.byte	64
 124 0060 03       		.byte	3
 125 0061 51       		.byte	81
 126 0062 01       		.byte	1
 127 0063 40       		.byte	64
 128 0064 7E       		.byte	126
 129 0065 02       		.byte	2
 130 0066 01       		.byte	1
 131 0067 80       		.byte	-128
 132 0068 0A       		.byte	10
 133 0069 4B       		.byte	75
 134 006a 0D       		.byte	13
 135 006b 80       		.byte	-128
 136 006c 16       		.byte	22
 137 006d 4B       		.byte	75
 138 006e 19       		.byte	25
 139 006f 80       		.byte	-128
 140 0070 22       		.byte	34
 141 0071 4B       		.byte	75
 142 0072 25       		.byte	37
 143 0073 80       		.byte	-128
 144 0074 2E       		.byte	46
 145 0075 4B       		.byte	75
 146 0076 7C       		.byte	124
 147 0077 40       		.byte	64
 148 0078 8B       		.byte	-117
 149 0079 0D       		.byte	13
 150 007a 8F       		.byte	-113
 151 007b 0D       		.byte	13
 152 007c EE       		.byte	-18
 153 007d 04       		.byte	4
 154 007e EE       		.byte	-18
 155 007f 03       		.byte	3
 156 0080 EE       		.byte	-18
 157 0081 04       		.byte	4
 158 0082 AB       		.byte	-85
 159 0083 20       		.byte	32
 160 0084 40       		.byte	64
 161 0085 54       		.byte	84
 162 0086 49       		.byte	73
 163 0087 FF       		.byte	-1
 164 0088 4A       		.byte	74
 165 0089 FF       		.byte	-1
 166 008a 4B       		.byte	75
 167 008b FF       		.byte	-1
 168 008c 4F       		.byte	79
 169 008d 01       		.byte	1
 170 008e 50       		.byte	80
 171 008f 18       		.byte	24
ARM GAS  C:\Users\ANJUSI~1\AppData\Local\Temp\ccozmKWI.s 			page 4


 172 0090 5A       		.byte	90
 173 0091 04       		.byte	4
 174 0092 5D       		.byte	93
 175 0093 09       		.byte	9
 176 0094 5F       		.byte	95
 177 0095 01       		.byte	1
 178 0096 60       		.byte	96
 179 0097 40       		.byte	64
 180 0098 62       		.byte	98
 181 0099 40       		.byte	64
 182 009a 64       		.byte	100
 183 009b 40       		.byte	64
 184 009c 65       		.byte	101
 185 009d 40       		.byte	64
 186 009e 66       		.byte	102
 187 009f 80       		.byte	-128
 188 00a0 68       		.byte	104
 189 00a1 80       		.byte	-128
 190 00a2 6A       		.byte	106
 191 00a3 80       		.byte	-128
 192 00a4 6C       		.byte	108
 193 00a5 80       		.byte	-128
 194 00a6 6E       		.byte	110
 195 00a7 80       		.byte	-128
 196 00a8 92       		.byte	-110
 197 00a9 01       		.byte	1
 198 00aa AE       		.byte	-82
 199 00ab 01       		.byte	1
 200 00ac B0       		.byte	-80
 201 00ad 01       		.byte	1
 202 00ae B4       		.byte	-76
 203 00af 01       		.byte	1
 204 00b0 BE       		.byte	-66
 205 00b1 01       		.byte	1
 206 00b2 C0       		.byte	-64
 207 00b3 15       		.byte	21
 208 00b4 C5       		.byte	-59
 209 00b5 EC       		.byte	-20
 210 00b6 C6       		.byte	-58
 211 00b7 02       		.byte	2
 212 00b8 C8       		.byte	-56
 213 00b9 07       		.byte	7
 214 00ba C9       		.byte	-55
 215 00bb FF       		.byte	-1
 216 00bc CA       		.byte	-54
 217 00bd FF       		.byte	-1
 218 00be CB       		.byte	-53
 219 00bf FF       		.byte	-1
 220 00c0 CD       		.byte	-51
 221 00c1 83       		.byte	-125
 222 00c2 CE       		.byte	-50
 223 00c3 03       		.byte	3
 224 00c4 CF       		.byte	-49
 225 00c5 01       		.byte	1
 226 00c6 D0       		.byte	-48
 227 00c7 18       		.byte	24
 228 00c8 D2       		.byte	-46
ARM GAS  C:\Users\ANJUSI~1\AppData\Local\Temp\ccozmKWI.s 			page 5


 229 00c9 80       		.byte	-128
 230 00ca D4       		.byte	-44
 231 00cb 01       		.byte	1
 232 00cc D8       		.byte	-40
 233 00cd 04       		.byte	4
 234 00ce DA       		.byte	-38
 235 00cf 04       		.byte	4
 236 00d0 DB       		.byte	-37
 237 00d1 04       		.byte	4
 238 00d2 DC       		.byte	-36
 239 00d3 09       		.byte	9
 240 00d4 DD       		.byte	-35
 241 00d5 99       		.byte	-103
 242 00d6 DF       		.byte	-33
 243 00d7 01       		.byte	1
 244 00d8 E0       		.byte	-32
 245 00d9 40       		.byte	64
 246 00da E2       		.byte	-30
 247 00db 40       		.byte	64
 248 00dc E4       		.byte	-28
 249 00dd 40       		.byte	64
 250 00de E5       		.byte	-27
 251 00df 40       		.byte	64
 252 00e0 E6       		.byte	-26
 253 00e1 80       		.byte	-128
 254 00e2 E8       		.byte	-24
 255 00e3 80       		.byte	-128
 256 00e4 EA       		.byte	-22
 257 00e5 80       		.byte	-128
 258 00e6 EC       		.byte	-20
 259 00e7 80       		.byte	-128
 260 00e8 EE       		.byte	-18
 261 00e9 80       		.byte	-128
 262 00ea 0F       		.byte	15
 263 00eb 80       		.byte	-128
 264 00ec 17       		.byte	23
 265 00ed 80       		.byte	-128
 266 00ee 1E       		.byte	30
 267 00ef 80       		.byte	-128
 268 00f0 1F       		.byte	31
 269 00f1 20       		.byte	32
 270 00f2 42       		.byte	66
 271 00f3 80       		.byte	-128
 272 00f4 47       		.byte	71
 273 00f5 80       		.byte	-128
 274 00f6 48       		.byte	72
 275 00f7 01       		.byte	1
 276 00f8 4D       		.byte	77
 277 00f9 04       		.byte	4
 278 00fa 4F       		.byte	79
 279 00fb 81       		.byte	-127
 280 00fc 56       		.byte	86
 281 00fd 80       		.byte	-128
 282 00fe 57       		.byte	87
 283 00ff 40       		.byte	64
 284 0100 5D       		.byte	93
 285 0101 04       		.byte	4
ARM GAS  C:\Users\ANJUSI~1\AppData\Local\Temp\ccozmKWI.s 			page 6


 286 0102 5E       		.byte	94
 287 0103 80       		.byte	-128
 288 0104 5F       		.byte	95
 289 0105 01       		.byte	1
 290 0106 74       		.byte	116
 291 0107 01       		.byte	1
 292 0108 77       		.byte	119
 293 0109 80       		.byte	-128
 294 010a AA       		.byte	-86
 295 010b 40       		.byte	64
 296 010c AD       		.byte	-83
 297 010d 20       		.byte	32
 298 010e C2       		.byte	-62
 299 010f 10       		.byte	16
 300 0110 C4       		.byte	-60
 301 0111 80       		.byte	-128
 302 0112 D0       		.byte	-48
 303 0113 11       		.byte	17
 304 0114 D2       		.byte	-46
 305 0115 18       		.byte	24
 306 0116 D6       		.byte	-42
 307 0117 D0       		.byte	-48
 308 0118 B8       		.byte	-72
 309 0119 22       		.byte	34
 310 011a BE       		.byte	-66
 311 011b 11       		.byte	17
 312 011c D8       		.byte	-40
 313 011d 04       		.byte	4
 314 011e DF       		.byte	-33
 315 011f 01       		.byte	1
 316 0120 19       		.byte	25
 317 0121 20       		.byte	32
 318 0122 1A       		.byte	26
 319 0123 80       		.byte	-128
 320 0124 AB       		.byte	-85
 321 0125 20       		.byte	32
 322 0126 40       		.byte	64
 323 0127 54       		.byte	84
 324 0128 49       		.byte	73
 325 0129 FF       		.byte	-1
 326 012a 4A       		.byte	74
 327 012b FF       		.byte	-1
 328 012c 4B       		.byte	75
 329 012d FF       		.byte	-1
 330 012e 4F       		.byte	79
 331 012f 01       		.byte	1
 332 0130 50       		.byte	80
 333 0131 18       		.byte	24
 334 0132 5A       		.byte	90
 335 0133 04       		.byte	4
 336 0134 5D       		.byte	93
 337 0135 09       		.byte	9
 338 0136 5F       		.byte	95
 339 0137 01       		.byte	1
 340 0138 60       		.byte	96
 341 0139 40       		.byte	64
 342 013a 62       		.byte	98
ARM GAS  C:\Users\ANJUSI~1\AppData\Local\Temp\ccozmKWI.s 			page 7


 343 013b 40       		.byte	64
 344 013c 64       		.byte	100
 345 013d 40       		.byte	64
 346 013e 65       		.byte	101
 347 013f 40       		.byte	64
 348 0140 66       		.byte	102
 349 0141 80       		.byte	-128
 350 0142 68       		.byte	104
 351 0143 80       		.byte	-128
 352 0144 6A       		.byte	106
 353 0145 80       		.byte	-128
 354 0146 6C       		.byte	108
 355 0147 80       		.byte	-128
 356 0148 6E       		.byte	110
 357 0149 80       		.byte	-128
 358 014a 92       		.byte	-110
 359 014b 01       		.byte	1
 360 014c AE       		.byte	-82
 361 014d 01       		.byte	1
 362 014e B0       		.byte	-80
 363 014f 01       		.byte	1
 364 0150 B4       		.byte	-76
 365 0151 01       		.byte	1
 366 0152 BE       		.byte	-66
 367 0153 01       		.byte	1
 368 0154 C0       		.byte	-64
 369 0155 15       		.byte	21
 370 0156 C5       		.byte	-59
 371 0157 EC       		.byte	-20
 372 0158 C6       		.byte	-58
 373 0159 02       		.byte	2
 374 015a C8       		.byte	-56
 375 015b 07       		.byte	7
 376 015c C9       		.byte	-55
 377 015d FF       		.byte	-1
 378 015e CA       		.byte	-54
 379 015f FF       		.byte	-1
 380 0160 CB       		.byte	-53
 381 0161 FF       		.byte	-1
 382 0162 CD       		.byte	-51
 383 0163 83       		.byte	-125
 384 0164 CE       		.byte	-50
 385 0165 03       		.byte	3
 386 0166 CF       		.byte	-49
 387 0167 01       		.byte	1
 388 0168 D0       		.byte	-48
 389 0169 18       		.byte	24
 390 016a D2       		.byte	-46
 391 016b 80       		.byte	-128
 392 016c D4       		.byte	-44
 393 016d 01       		.byte	1
 394 016e D8       		.byte	-40
 395 016f 04       		.byte	4
 396 0170 DA       		.byte	-38
 397 0171 04       		.byte	4
 398 0172 DB       		.byte	-37
 399 0173 04       		.byte	4
ARM GAS  C:\Users\ANJUSI~1\AppData\Local\Temp\ccozmKWI.s 			page 8


 400 0174 DC       		.byte	-36
 401 0175 09       		.byte	9
 402 0176 DD       		.byte	-35
 403 0177 99       		.byte	-103
 404 0178 DF       		.byte	-33
 405 0179 01       		.byte	1
 406 017a E0       		.byte	-32
 407 017b 40       		.byte	64
 408 017c E2       		.byte	-30
 409 017d 40       		.byte	64
 410 017e E4       		.byte	-28
 411 017f 40       		.byte	64
 412 0180 E5       		.byte	-27
 413 0181 40       		.byte	64
 414 0182 E6       		.byte	-26
 415 0183 80       		.byte	-128
 416 0184 E8       		.byte	-24
 417 0185 80       		.byte	-128
 418 0186 EA       		.byte	-22
 419 0187 80       		.byte	-128
 420 0188 EC       		.byte	-20
 421 0189 80       		.byte	-128
 422 018a EE       		.byte	-18
 423 018b 80       		.byte	-128
 424 018c 0F       		.byte	15
 425 018d 80       		.byte	-128
 426 018e 17       		.byte	23
 427 018f 80       		.byte	-128
 428 0190 1E       		.byte	30
 429 0191 80       		.byte	-128
 430 0192 1F       		.byte	31
 431 0193 20       		.byte	32
 432 0194 42       		.byte	66
 433 0195 80       		.byte	-128
 434 0196 47       		.byte	71
 435 0197 80       		.byte	-128
 436 0198 48       		.byte	72
 437 0199 01       		.byte	1
 438 019a 4D       		.byte	77
 439 019b 04       		.byte	4
 440 019c 4F       		.byte	79
 441 019d 81       		.byte	-127
 442 019e 56       		.byte	86
 443 019f 80       		.byte	-128
 444 01a0 57       		.byte	87
 445 01a1 40       		.byte	64
 446 01a2 5D       		.byte	93
 447 01a3 04       		.byte	4
 448 01a4 5E       		.byte	94
 449 01a5 80       		.byte	-128
 450 01a6 5F       		.byte	95
 451 01a7 01       		.byte	1
 452 01a8 74       		.byte	116
 453 01a9 01       		.byte	1
 454 01aa 77       		.byte	119
 455 01ab 80       		.byte	-128
 456 01ac C2       		.byte	-62
ARM GAS  C:\Users\ANJUSI~1\AppData\Local\Temp\ccozmKWI.s 			page 9


 457 01ad 10       		.byte	16
 458 01ae C4       		.byte	-60
 459 01af 80       		.byte	-128
 460 01b0 D0       		.byte	-48
 461 01b1 11       		.byte	17
 462 01b2 D2       		.byte	-46
 463 01b3 18       		.byte	24
 464 01b4 D6       		.byte	-42
 465 01b5 D0       		.byte	-48
 466 01b6 EA       		.byte	-22
 467 01b7 02       		.byte	2
 468 01b8 EE       		.byte	-18
 469 01b9 0A       		.byte	10
 470 01ba EA       		.byte	-22
 471 01bb 02       		.byte	2
 472 01bc EE       		.byte	-18
 473 01bd 0A       		.byte	10
 474 01be 33       		.byte	51
 475 01bf 81       		.byte	-127
 476 01c0 36       		.byte	54
 477 01c1 40       		.byte	64
 478 01c2 37       		.byte	55
 479 01c3 08       		.byte	8
 480 01c4 3A       		.byte	58
 481 01c5 80       		.byte	-128
 482 01c6 CC       		.byte	-52
 483 01c7 F0       		.byte	-16
 484 01c8 CE       		.byte	-50
 485 01c9 10       		.byte	16
 486 01ca 30       		.byte	48
 487 01cb 04       		.byte	4
 488 01cc 32       		.byte	50
 489 01cd 20       		.byte	32
 490 01ce 36       		.byte	54
 491 01cf 84       		.byte	-124
 492 01d0 9E       		.byte	-98
 493 01d1 80       		.byte	-128
 494 01d2 9F       		.byte	-97
 495 01d3 09       		.byte	9
 496 01d4 A2       		.byte	-94
 497 01d5 80       		.byte	-128
 498 01d6 A6       		.byte	-90
 499 01d7 40       		.byte	64
 500 01d8 A7       		.byte	-89
 501 01d9 80       		.byte	-128
 502 01da AA       		.byte	-86
 503 01db 80       		.byte	-128
 504 01dc CC       		.byte	-52
 505 01dd F0       		.byte	-16
 506 01de EE       		.byte	-18
 507 01df 20       		.byte	32
 508 01e0 13       		.byte	19
 509 01e1 48       		.byte	72
 510 01e2 14       		.byte	20
 511 01e3 04       		.byte	4
 512 01e4 16       		.byte	22
 513 01e5 80       		.byte	-128
ARM GAS  C:\Users\ANJUSI~1\AppData\Local\Temp\ccozmKWI.s 			page 10


 514 01e6 5B       		.byte	91
 515 01e7 02       		.byte	2
 516 01e8 5F       		.byte	95
 517 01e9 02       		.byte	2
 518 01ea 63       		.byte	99
 519 01eb 20       		.byte	32
 520 01ec 67       		.byte	103
 521 01ed 20       		.byte	32
 522 01ee 93       		.byte	-109
 523 01ef 20       		.byte	32
 524 01f0 9B       		.byte	-101
 525 01f1 02       		.byte	2
 526 01f2 9C       		.byte	-100
 527 01f3 04       		.byte	4
 528 01f4 9E       		.byte	-98
 529 01f5 80       		.byte	-128
 530 01f6 9F       		.byte	-97
 531 01f7 09       		.byte	9
 532 01f8 A3       		.byte	-93
 533 01f9 10       		.byte	16
 534 01fa A6       		.byte	-90
 535 01fb 64       		.byte	100
 536 01fc A7       		.byte	-89
 537 01fd 80       		.byte	-128
 538 01fe AB       		.byte	-85
 539 01ff 12       		.byte	18
 540 0200 AF       		.byte	-81
 541 0201 10       		.byte	16
 542 0202 C4       		.byte	-60
 543 0203 F0       		.byte	-16
 544 0204 D6       		.byte	-42
 545 0205 C0       		.byte	-64
 546 0206 D8       		.byte	-40
 547 0207 C0       		.byte	-64
 548 0208 EE       		.byte	-18
 549 0209 C0       		.byte	-64
 550 020a 9F       		.byte	-97
 551 020b 01       		.byte	1
 552 020c A6       		.byte	-90
 553 020d 40       		.byte	64
 554 020e A7       		.byte	-89
 555 020f 80       		.byte	-128
 556 0210 AA       		.byte	-86
 557 0211 04       		.byte	4
 558 0212 AE       		.byte	-82
 559 0213 20       		.byte	32
 560 0214 AF       		.byte	-81
 561 0215 40       		.byte	64
 562 0216 EE       		.byte	-18
 563 0217 20       		.byte	32
 564 0218 08       		.byte	8
 565 0219 08       		.byte	8
 566 021a 0B       		.byte	11
 567 021b 04       		.byte	4
 568 021c 0F       		.byte	15
 569 021d 40       		.byte	64
 570 021e C2       		.byte	-62
ARM GAS  C:\Users\ANJUSI~1\AppData\Local\Temp\ccozmKWI.s 			page 11


 571 021f 0E       		.byte	14
 572 0220 AE       		.byte	-82
 573 0221 40       		.byte	64
 574 0222 AF       		.byte	-81
 575 0223 81       		.byte	-127
 576 0224 EA       		.byte	-22
 577 0225 40       		.byte	64
 578 0226 EE       		.byte	-18
 579 0227 50       		.byte	80
 580 0228 AC       		.byte	-84
 581 0229 08       		.byte	8
 582 022a AF       		.byte	-81
 583 022b 44       		.byte	68
 584 022c 01       		.byte	1
 585 022d 01       		.byte	1
 586 022e 0D       		.byte	13
 587 022f 01       		.byte	1
 588 0230 0F       		.byte	15
 589 0231 01       		.byte	1
 590 0232 00       		.byte	0
 591 0233 EA       		.byte	-22
 592 0234 01       		.byte	1
 593 0235 FB       		.byte	-5
 594 0236 02       		.byte	2
 595 0237 03       		.byte	3
 596 0238 40       		.byte	64
 597 0239 00       		.byte	0
 598 023a 00       		.byte	0
 599 023b 00       		.byte	0
 600 023c 00       		.byte	0
 601 023d 00       		.byte	0
 602 023e 00       		.byte	0
 603 023f 00       		.byte	0
 604 0240 C0       		.byte	-64
 605 0241 00       		.byte	0
 606 0242 00       		.byte	0
 607 0243 00       		.byte	0
 608              		.section	.cywolatch,"a",%progbits
 609              		.align	2
 610              		.type	cy_meta_wonvl, %object
 611              		.size	cy_meta_wonvl, 4
 612              	cy_meta_wonvl:
 613 0000 BC       		.byte	-68
 614 0001 90       		.byte	-112
 615 0002 AC       		.byte	-84
 616 0003 AF       		.byte	-81
 617              		.section	.cycustnvl,"a",%progbits
 618              		.align	2
 619              		.type	cy_meta_custnvl, %object
 620              		.size	cy_meta_custnvl, 4
 621              	cy_meta_custnvl:
 622 0000 00       		.byte	0
 623 0001 00       		.byte	0
 624 0002 40       		.byte	64
 625 0003 05       		.byte	5
 626              		.section	.cymeta,"a",%progbits
 627              		.align	2
ARM GAS  C:\Users\ANJUSI~1\AppData\Local\Temp\ccozmKWI.s 			page 12


 628              		.type	cy_metadata, %object
 629              		.size	cy_metadata, 12
 630              	cy_metadata:
 631 0000 00       		.byte	0
 632 0001 01       		.byte	1
 633 0002 2E       		.byte	46
 634 0003 16       		.byte	22
 635 0004 10       		.byte	16
 636 0005 69       		.byte	105
 637 0006 00       		.byte	0
 638 0007 01       		.byte	1
 639 0008 00       		.byte	0
 640 0009 00       		.byte	0
 641 000a 00       		.byte	0
 642 000b 00       		.byte	0
 643              		.section	.cyflashprotect,"a",%progbits
 644              		.align	2
 645              		.type	cy_meta_flashprotect, %object
 646              		.size	cy_meta_flashprotect, 256
 647              	cy_meta_flashprotect:
 648 0000 00000000 		.space	256
 648      00000000 
 648      00000000 
 648      00000000 
 648      00000000 
 649              		.text
 650              	.Letext0:
 651              		.file 1 ".\\Generated_Source\\PSoC5\\cymetadata.c"
 652              		.file 2 ".\\Generated_Source\\PSoC5\\cytypes.h"
 653              		.section	.debug_info,"",%progbits
 654              	.Ldebug_info0:
 655 0000 37010000 		.4byte	0x137
 656 0004 0400     		.2byte	0x4
 657 0006 00000000 		.4byte	.Ldebug_abbrev0
 658 000a 04       		.byte	0x4
 659 000b 01       		.uleb128 0x1
 660 000c D8000000 		.4byte	.LASF18
 661 0010 01       		.byte	0x1
 662 0011 00000000 		.4byte	.LASF19
 663 0015 6B000000 		.4byte	.LASF20
 664 0019 00000000 		.4byte	.Ldebug_line0
 665 001d 02       		.uleb128 0x2
 666 001e 01       		.byte	0x1
 667 001f 06       		.byte	0x6
 668 0020 E2010000 		.4byte	.LASF0
 669 0024 02       		.uleb128 0x2
 670 0025 01       		.byte	0x1
 671 0026 08       		.byte	0x8
 672 0027 38000000 		.4byte	.LASF1
 673 002b 02       		.uleb128 0x2
 674 002c 02       		.byte	0x2
 675 002d 05       		.byte	0x5
 676 002e C9010000 		.4byte	.LASF2
 677 0032 02       		.uleb128 0x2
 678 0033 02       		.byte	0x2
 679 0034 07       		.byte	0x7
 680 0035 58000000 		.4byte	.LASF3
ARM GAS  C:\Users\ANJUSI~1\AppData\Local\Temp\ccozmKWI.s 			page 13


 681 0039 02       		.uleb128 0x2
 682 003a 04       		.byte	0x4
 683 003b 05       		.byte	0x5
 684 003c D9010000 		.4byte	.LASF4
 685 0040 02       		.uleb128 0x2
 686 0041 04       		.byte	0x4
 687 0042 07       		.byte	0x7
 688 0043 46000000 		.4byte	.LASF5
 689 0047 02       		.uleb128 0x2
 690 0048 08       		.byte	0x8
 691 0049 05       		.byte	0x5
 692 004a B6010000 		.4byte	.LASF6
 693 004e 02       		.uleb128 0x2
 694 004f 08       		.byte	0x8
 695 0050 07       		.byte	0x7
 696 0051 73010000 		.4byte	.LASF7
 697 0055 03       		.uleb128 0x3
 698 0056 04       		.byte	0x4
 699 0057 05       		.byte	0x5
 700 0058 696E7400 		.ascii	"int\000"
 701 005c 02       		.uleb128 0x2
 702 005d 04       		.byte	0x4
 703 005e 07       		.byte	0x7
 704 005f 66010000 		.4byte	.LASF8
 705 0063 04       		.uleb128 0x4
 706 0064 D3010000 		.4byte	.LASF21
 707 0068 02       		.byte	0x2
 708 0069 9201     		.2byte	0x192
 709 006b 24000000 		.4byte	0x24
 710 006f 02       		.uleb128 0x2
 711 0070 04       		.byte	0x4
 712 0071 04       		.byte	0x4
 713 0072 32000000 		.4byte	.LASF9
 714 0076 02       		.uleb128 0x2
 715 0077 08       		.byte	0x8
 716 0078 04       		.byte	0x4
 717 0079 AF000000 		.4byte	.LASF10
 718 007d 02       		.uleb128 0x2
 719 007e 01       		.byte	0x1
 720 007f 08       		.byte	0x8
 721 0080 C4010000 		.4byte	.LASF11
 722 0084 05       		.uleb128 0x5
 723 0085 63000000 		.4byte	0x63
 724 0089 95000000 		.4byte	0x95
 725 008d 06       		.uleb128 0x6
 726 008e 95000000 		.4byte	0x95
 727 0092 4302     		.2byte	0x243
 728 0094 00       		.byte	0
 729 0095 02       		.uleb128 0x2
 730 0096 04       		.byte	0x4
 731 0097 07       		.byte	0x7
 732 0098 AD010000 		.4byte	.LASF12
 733 009c 07       		.uleb128 0x7
 734 009d C6000000 		.4byte	.LASF13
 735 00a1 01       		.byte	0x1
 736 00a2 1F       		.byte	0x1f
 737 00a3 AD000000 		.4byte	0xad
ARM GAS  C:\Users\ANJUSI~1\AppData\Local\Temp\ccozmKWI.s 			page 14


 738 00a7 05       		.uleb128 0x5
 739 00a8 03       		.byte	0x3
 740 00a9 00000000 		.4byte	cy_meta_configecc
 741 00ad 08       		.uleb128 0x8
 742 00ae 84000000 		.4byte	0x84
 743 00b2 05       		.uleb128 0x5
 744 00b3 63000000 		.4byte	0x63
 745 00b7 C2000000 		.4byte	0xc2
 746 00bb 09       		.uleb128 0x9
 747 00bc 95000000 		.4byte	0x95
 748 00c0 03       		.byte	0x3
 749 00c1 00       		.byte	0
 750 00c2 07       		.uleb128 0x7
 751 00c3 B6000000 		.4byte	.LASF14
 752 00c7 01       		.byte	0x1
 753 00c8 75       		.byte	0x75
 754 00c9 D3000000 		.4byte	0xd3
 755 00cd 05       		.uleb128 0x5
 756 00ce 03       		.byte	0x3
 757 00cf 00000000 		.4byte	cy_meta_custnvl
 758 00d3 08       		.uleb128 0x8
 759 00d4 B2000000 		.4byte	0xb2
 760 00d8 07       		.uleb128 0x7
 761 00d9 9F010000 		.4byte	.LASF15
 762 00dd 01       		.byte	0x1
 763 00de 83       		.byte	0x83
 764 00df E9000000 		.4byte	0xe9
 765 00e3 05       		.uleb128 0x5
 766 00e4 03       		.byte	0x3
 767 00e5 00000000 		.4byte	cy_meta_wonvl
 768 00e9 08       		.uleb128 0x8
 769 00ea B2000000 		.4byte	0xb2
 770 00ee 05       		.uleb128 0x5
 771 00ef 63000000 		.4byte	0x63
 772 00f3 FE000000 		.4byte	0xfe
 773 00f7 09       		.uleb128 0x9
 774 00f8 95000000 		.4byte	0x95
 775 00fc FF       		.byte	0xff
 776 00fd 00       		.byte	0
 777 00fe 07       		.uleb128 0x7
 778 00ff 8A010000 		.4byte	.LASF16
 779 0103 01       		.byte	0x1
 780 0104 91       		.byte	0x91
 781 0105 0F010000 		.4byte	0x10f
 782 0109 05       		.uleb128 0x5
 783 010a 03       		.byte	0x3
 784 010b 00000000 		.4byte	cy_meta_flashprotect
 785 010f 08       		.uleb128 0x8
 786 0110 EE000000 		.4byte	0xee
 787 0114 05       		.uleb128 0x5
 788 0115 63000000 		.4byte	0x63
 789 0119 24010000 		.4byte	0x124
 790 011d 09       		.uleb128 0x9
 791 011e 95000000 		.4byte	0x95
 792 0122 0B       		.byte	0xb
 793 0123 00       		.byte	0
 794 0124 07       		.uleb128 0x7
ARM GAS  C:\Users\ANJUSI~1\AppData\Local\Temp\ccozmKWI.s 			page 15


 795 0125 26000000 		.4byte	.LASF17
 796 0129 01       		.byte	0x1
 797 012a BE       		.byte	0xbe
 798 012b 35010000 		.4byte	0x135
 799 012f 05       		.uleb128 0x5
 800 0130 03       		.byte	0x3
 801 0131 00000000 		.4byte	cy_metadata
 802 0135 08       		.uleb128 0x8
 803 0136 14010000 		.4byte	0x114
 804 013a 00       		.byte	0
 805              		.section	.debug_abbrev,"",%progbits
 806              	.Ldebug_abbrev0:
 807 0000 01       		.uleb128 0x1
 808 0001 11       		.uleb128 0x11
 809 0002 01       		.byte	0x1
 810 0003 25       		.uleb128 0x25
 811 0004 0E       		.uleb128 0xe
 812 0005 13       		.uleb128 0x13
 813 0006 0B       		.uleb128 0xb
 814 0007 03       		.uleb128 0x3
 815 0008 0E       		.uleb128 0xe
 816 0009 1B       		.uleb128 0x1b
 817 000a 0E       		.uleb128 0xe
 818 000b 10       		.uleb128 0x10
 819 000c 17       		.uleb128 0x17
 820 000d 00       		.byte	0
 821 000e 00       		.byte	0
 822 000f 02       		.uleb128 0x2
 823 0010 24       		.uleb128 0x24
 824 0011 00       		.byte	0
 825 0012 0B       		.uleb128 0xb
 826 0013 0B       		.uleb128 0xb
 827 0014 3E       		.uleb128 0x3e
 828 0015 0B       		.uleb128 0xb
 829 0016 03       		.uleb128 0x3
 830 0017 0E       		.uleb128 0xe
 831 0018 00       		.byte	0
 832 0019 00       		.byte	0
 833 001a 03       		.uleb128 0x3
 834 001b 24       		.uleb128 0x24
 835 001c 00       		.byte	0
 836 001d 0B       		.uleb128 0xb
 837 001e 0B       		.uleb128 0xb
 838 001f 3E       		.uleb128 0x3e
 839 0020 0B       		.uleb128 0xb
 840 0021 03       		.uleb128 0x3
 841 0022 08       		.uleb128 0x8
 842 0023 00       		.byte	0
 843 0024 00       		.byte	0
 844 0025 04       		.uleb128 0x4
 845 0026 16       		.uleb128 0x16
 846 0027 00       		.byte	0
 847 0028 03       		.uleb128 0x3
 848 0029 0E       		.uleb128 0xe
 849 002a 3A       		.uleb128 0x3a
 850 002b 0B       		.uleb128 0xb
 851 002c 3B       		.uleb128 0x3b
ARM GAS  C:\Users\ANJUSI~1\AppData\Local\Temp\ccozmKWI.s 			page 16


 852 002d 05       		.uleb128 0x5
 853 002e 49       		.uleb128 0x49
 854 002f 13       		.uleb128 0x13
 855 0030 00       		.byte	0
 856 0031 00       		.byte	0
 857 0032 05       		.uleb128 0x5
 858 0033 01       		.uleb128 0x1
 859 0034 01       		.byte	0x1
 860 0035 49       		.uleb128 0x49
 861 0036 13       		.uleb128 0x13
 862 0037 01       		.uleb128 0x1
 863 0038 13       		.uleb128 0x13
 864 0039 00       		.byte	0
 865 003a 00       		.byte	0
 866 003b 06       		.uleb128 0x6
 867 003c 21       		.uleb128 0x21
 868 003d 00       		.byte	0
 869 003e 49       		.uleb128 0x49
 870 003f 13       		.uleb128 0x13
 871 0040 2F       		.uleb128 0x2f
 872 0041 05       		.uleb128 0x5
 873 0042 00       		.byte	0
 874 0043 00       		.byte	0
 875 0044 07       		.uleb128 0x7
 876 0045 34       		.uleb128 0x34
 877 0046 00       		.byte	0
 878 0047 03       		.uleb128 0x3
 879 0048 0E       		.uleb128 0xe
 880 0049 3A       		.uleb128 0x3a
 881 004a 0B       		.uleb128 0xb
 882 004b 3B       		.uleb128 0x3b
 883 004c 0B       		.uleb128 0xb
 884 004d 49       		.uleb128 0x49
 885 004e 13       		.uleb128 0x13
 886 004f 3F       		.uleb128 0x3f
 887 0050 19       		.uleb128 0x19
 888 0051 02       		.uleb128 0x2
 889 0052 18       		.uleb128 0x18
 890 0053 00       		.byte	0
 891 0054 00       		.byte	0
 892 0055 08       		.uleb128 0x8
 893 0056 26       		.uleb128 0x26
 894 0057 00       		.byte	0
 895 0058 49       		.uleb128 0x49
 896 0059 13       		.uleb128 0x13
 897 005a 00       		.byte	0
 898 005b 00       		.byte	0
 899 005c 09       		.uleb128 0x9
 900 005d 21       		.uleb128 0x21
 901 005e 00       		.byte	0
 902 005f 49       		.uleb128 0x49
 903 0060 13       		.uleb128 0x13
 904 0061 2F       		.uleb128 0x2f
 905 0062 0B       		.uleb128 0xb
 906 0063 00       		.byte	0
 907 0064 00       		.byte	0
 908 0065 00       		.byte	0
ARM GAS  C:\Users\ANJUSI~1\AppData\Local\Temp\ccozmKWI.s 			page 17


 909              		.section	.debug_aranges,"",%progbits
 910 0000 14000000 		.4byte	0x14
 911 0004 0200     		.2byte	0x2
 912 0006 00000000 		.4byte	.Ldebug_info0
 913 000a 04       		.byte	0x4
 914 000b 00       		.byte	0
 915 000c 0000     		.2byte	0
 916 000e 0000     		.2byte	0
 917 0010 00000000 		.4byte	0
 918 0014 00000000 		.4byte	0
 919              		.section	.debug_line,"",%progbits
 920              	.Ldebug_line0:
 921 0000 4F000000 		.section	.debug_str,"MS",%progbits,1
 921      02004900 
 921      00000201 
 921      FB0E0D00 
 921      01010101 
 922              	.LASF19:
 923 0000 2E5C4765 		.ascii	".\\Generated_Source\\PSoC5\\cymetadata.c\000"
 923      6E657261 
 923      7465645F 
 923      536F7572 
 923      63655C50 
 924              	.LASF17:
 925 0026 63795F6D 		.ascii	"cy_metadata\000"
 925      65746164 
 925      61746100 
 926              	.LASF9:
 927 0032 666C6F61 		.ascii	"float\000"
 927      7400
 928              	.LASF1:
 929 0038 756E7369 		.ascii	"unsigned char\000"
 929      676E6564 
 929      20636861 
 929      7200
 930              	.LASF5:
 931 0046 6C6F6E67 		.ascii	"long unsigned int\000"
 931      20756E73 
 931      69676E65 
 931      6420696E 
 931      7400
 932              	.LASF3:
 933 0058 73686F72 		.ascii	"short unsigned int\000"
 933      7420756E 
 933      7369676E 
 933      65642069 
 933      6E7400
 934              	.LASF20:
 935 006b 433A5C55 		.ascii	"C:\\Users\\anju singh\\Desktop\\psoc_intro\\psoc_in"
 935      73657273 
 935      5C616E6A 
 935      75207369 
 935      6E67685C 
 936 0099 74726F5C 		.ascii	"tro\\Assignment1.cydsn\000"
 936      41737369 
 936      676E6D65 
 936      6E74312E 
ARM GAS  C:\Users\ANJUSI~1\AppData\Local\Temp\ccozmKWI.s 			page 18


 936      63796473 
 937              	.LASF10:
 938 00af 646F7562 		.ascii	"double\000"
 938      6C6500
 939              	.LASF14:
 940 00b6 63795F6D 		.ascii	"cy_meta_custnvl\000"
 940      6574615F 
 940      63757374 
 940      6E766C00 
 941              	.LASF13:
 942 00c6 63795F6D 		.ascii	"cy_meta_configecc\000"
 942      6574615F 
 942      636F6E66 
 942      69676563 
 942      6300
 943              	.LASF18:
 944 00d8 474E5520 		.ascii	"GNU C 4.9.3 20150303 (release) [ARM/embedded-4_9-br"
 944      4320342E 
 944      392E3320 
 944      32303135 
 944      30333033 
 945 010b 616E6368 		.ascii	"anch revision 221220] -mcpu=cortex-m3 -mthumb -g -O"
 945      20726576 
 945      6973696F 
 945      6E203232 
 945      31323230 
 946 013e 67202D66 		.ascii	"g -ffunction-sections -ffat-lto-objects\000"
 946      66756E63 
 946      74696F6E 
 946      2D736563 
 946      74696F6E 
 947              	.LASF8:
 948 0166 756E7369 		.ascii	"unsigned int\000"
 948      676E6564 
 948      20696E74 
 948      00
 949              	.LASF7:
 950 0173 6C6F6E67 		.ascii	"long long unsigned int\000"
 950      206C6F6E 
 950      6720756E 
 950      7369676E 
 950      65642069 
 951              	.LASF16:
 952 018a 63795F6D 		.ascii	"cy_meta_flashprotect\000"
 952      6574615F 
 952      666C6173 
 952      6870726F 
 952      74656374 
 953              	.LASF15:
 954 019f 63795F6D 		.ascii	"cy_meta_wonvl\000"
 954      6574615F 
 954      776F6E76 
 954      6C00
 955              	.LASF12:
 956 01ad 73697A65 		.ascii	"sizetype\000"
 956      74797065 
 956      00
ARM GAS  C:\Users\ANJUSI~1\AppData\Local\Temp\ccozmKWI.s 			page 19


 957              	.LASF6:
 958 01b6 6C6F6E67 		.ascii	"long long int\000"
 958      206C6F6E 
 958      6720696E 
 958      7400
 959              	.LASF11:
 960 01c4 63686172 		.ascii	"char\000"
 960      00
 961              	.LASF2:
 962 01c9 73686F72 		.ascii	"short int\000"
 962      7420696E 
 962      7400
 963              	.LASF21:
 964 01d3 75696E74 		.ascii	"uint8\000"
 964      3800
 965              	.LASF4:
 966 01d9 6C6F6E67 		.ascii	"long int\000"
 966      20696E74 
 966      00
 967              	.LASF0:
 968 01e2 7369676E 		.ascii	"signed char\000"
 968      65642063 
 968      68617200 
 969              		.ident	"GCC: (GNU Tools for ARM Embedded Processors) 4.9.3 20150303 (release) [ARM/embedded-4_9-br
